The system is: Android - 3.10.54+ - armv7l
Compiling the C compiler identification source file "CMakeCCompilerId.c" succeeded.
Compiler: /data/data/com.termux/files/usr/bin/cc 
Build flags: 
Id flags:  

The output was:
0


Compilation of the C compiler identification source "CMakeCCompilerId.c" produced "a.out"

The C compiler identification is Clang, found in "/data/data/com.termux/files/home/termux-lock/src/CMakeFiles/3.15.5/CompilerIdC/a.out"

Compiling the CXX compiler identification source file "CMakeCXXCompilerId.cpp" succeeded.
Compiler: /data/data/com.termux/files/usr/bin/c++ 
Build flags: 
Id flags:  

The output was:
0


Compilation of the CXX compiler identification source "CMakeCXXCompilerId.cpp" produced "a.out"

The CXX compiler identification is Clang, found in "/data/data/com.termux/files/home/termux-lock/src/CMakeFiles/3.15.5/CompilerIdCXX/a.out"

Determining if the C compiler works passed with the following output:
Change Dir: /data/data/com.termux/files/home/termux-lock/src/CMakeFiles/CMakeTmp

Run Build Command(s):/data/data/com.termux/files/usr/bin/make cmTC_e744e/fast && /data/data/com.termux/files/usr/bin/make -f CMakeFiles/cmTC_e744e.dir/build.make CMakeFiles/cmTC_e744e.dir/build
make[1]: Entering directory '/data/data/com.termux/files/home/termux-lock/src/CMakeFiles/CMakeTmp'
Building C object CMakeFiles/cmTC_e744e.dir/testCCompiler.c.o
/data/data/com.termux/files/usr/bin/cc    -o CMakeFiles/cmTC_e744e.dir/testCCompiler.c.o   -c /data/data/com.termux/files/home/termux-lock/src/CMakeFiles/CMakeTmp/testCCompiler.c
Linking C executable cmTC_e744e
/data/data/com.termux/files/usr/bin/cmake -E cmake_link_script CMakeFiles/cmTC_e744e.dir/link.txt --verbose=1
/data/data/com.termux/files/usr/bin/cc      CMakeFiles/cmTC_e744e.dir/testCCompiler.c.o  -o cmTC_e744e 
make[1]: Leaving directory '/data/data/com.termux/files/home/termux-lock/src/CMakeFiles/CMakeTmp'



Detecting C compiler ABI info compiled with the following output:
Change Dir: /data/data/com.termux/files/home/termux-lock/src/CMakeFiles/CMakeTmp

Run Build Command(s):/data/data/com.termux/files/usr/bin/make cmTC_d223e/fast && /data/data/com.termux/files/usr/bin/make -f CMakeFiles/cmTC_d223e.dir/build.make CMakeFiles/cmTC_d223e.dir/build
make[1]: Entering directory '/data/data/com.termux/files/home/termux-lock/src/CMakeFiles/CMakeTmp'
Building C object CMakeFiles/cmTC_d223e.dir/CMakeCCompilerABI.c.o
/data/data/com.termux/files/usr/bin/cc   -v -o CMakeFiles/cmTC_d223e.dir/CMakeCCompilerABI.c.o   -c /data/data/com.termux/files/usr/share/cmake-3.15/Modules/CMakeCCompilerABI.c
clang version 9.0.0 (tags/RELEASE_900/final)
Target: arm-unknown-linux-android
Thread model: posix
InstalledDir: /data/data/com.termux/files/usr/bin
 "/data/data/com.termux/files/usr/bin/clang-9" -cc1 -triple armv4t-unknown-linux-android -emit-obj -mrelax-all -mnoexecstack -disable-free -disable-llvm-verifier -discard-value-names -main-file-name CMakeCCompilerABI.c -mrelocation-model pic -pic-level 2 -pic-is-pie -mthread-model posix -mdisable-fp-elim -masm-verbose -mconstructor-aliases -fuse-init-array -target-cpu arm7tdmi -target-feature +soft-float -target-feature +soft-float-abi -target-feature -fp16 -target-feature -vfp2 -target-feature -vfp2sp -target-feature -vfp2d16 -target-feature -vfp2d16sp -target-feature -vfp3 -target-feature -vfp3sp -target-feature -vfp3d16 -target-feature -vfp3d16sp -target-feature -vfp4 -target-feature -vfp4sp -target-feature -vfp4d16 -target-feature -vfp4d16sp -target-feature -fp-armv8 -target-feature -fp-armv8sp -target-feature -fp-armv8d16 -target-feature -fp-armv8d16sp -target-feature -fullfp16 -target-feature -neon -target-feature -crypto -target-feature -dotprod -target-feature -fp16fml -target-feature -fp64 -target-feature -d32 -target-feature -fpregs -target-feature +strict-align -target-abi aapcs-linux -msoft-float -mfloat-abi soft -fallow-half-arguments-and-returns -dwarf-column-info -debugger-tuning=gdb -v -coverage-notes-file /data/data/com.termux/files/home/termux-lock/src/CMakeFiles/CMakeTmp/CMakeFiles/cmTC_d223e.dir/CMakeCCompilerABI.c.gcno -resource-dir /data/data/com.termux/files/usr/lib/clang/9.0.0 -internal-isystem /data/data/com.termux/files/usr/include/arm-linux-androideabi -internal-isystem /usr/local/include -internal-isystem /data/data/com.termux/files/usr/lib/clang/9.0.0/include -internal-externc-isystem /data/data/com.termux/files/usr/include -fdebug-compilation-dir /data/data/com.termux/files/home/termux-lock/src/CMakeFiles/CMakeTmp -ferror-limit 19 -fmessage-length 0 -fno-signed-char -fobjc-runtime=gcc -fdiagnostics-show-option -o CMakeFiles/cmTC_d223e.dir/CMakeCCompilerABI.c.o -x c /data/data/com.termux/files/usr/share/cmake-3.15/Modules/CMakeCCompilerABI.c
clang -cc1 version 9.0.0 based upon LLVM 9.0.0 default target arm-linux-androideabi
ignoring nonexistent directory "/usr/local/include"
#include "..." search starts here:
#include <...> search starts here:
 /data/data/com.termux/files/usr/include/arm-linux-androideabi
 /data/data/com.termux/files/usr/lib/clang/9.0.0/include
 /data/data/com.termux/files/usr/include
End of search list.
Linking C executable cmTC_d223e
/data/data/com.termux/files/usr/bin/cmake -E cmake_link_script CMakeFiles/cmTC_d223e.dir/link.txt --verbose=1
/data/data/com.termux/files/usr/bin/cc     -v CMakeFiles/cmTC_d223e.dir/CMakeCCompilerABI.c.o  -o cmTC_d223e 
clang version 9.0.0 (tags/RELEASE_900/final)
Target: arm-unknown-linux-android
Thread model: posix
InstalledDir: /data/data/com.termux/files/usr/bin
 "/data/data/com.termux/files/usr/bin/arm-linux-androideabi-ld" -pie -z noexecstack -EL --warn-shared-textrel -z now -z relro -X --hash-style=both --enable-new-dtags --eh-frame-hdr -m armelf_linux_eabi -dynamic-linker /system/bin/linker -o cmTC_d223e /data/data/com.termux/files/usr/lib/crtbegin_dynamic.o -L/data/data/com.termux/files/usr/lib -L/data/data/com.termux/files/usr/bin/../lib -L/data/data/com.termux/files/usr/bin/../lib CMakeFiles/cmTC_d223e.dir/CMakeCCompilerABI.c.o -lgcc -ldl -lc -lgcc -ldl /data/data/com.termux/files/usr/lib/crtend_android.o
make[1]: Leaving directory '/data/data/com.termux/files/home/termux-lock/src/CMakeFiles/CMakeTmp'



Parsed C implicit include dir info from above output: rv=done
  found start of include info
  found start of implicit include info
    add: [/data/data/com.termux/files/usr/include/arm-linux-androideabi]
    add: [/data/data/com.termux/files/usr/lib/clang/9.0.0/include]
    add: [/data/data/com.termux/files/usr/include]
  end of search list found
  collapse include dir [/data/data/com.termux/files/usr/include/arm-linux-androideabi] ==> [/data/data/com.termux/files/usr/include/arm-linux-androideabi]
  collapse include dir [/data/data/com.termux/files/usr/lib/clang/9.0.0/include] ==> [/data/data/com.termux/files/usr/lib/clang/9.0.0/include]
  collapse include dir [/data/data/com.termux/files/usr/include] ==> [/data/data/com.termux/files/usr/include]
  implicit include dirs: [/data/data/com.termux/files/usr/include/arm-linux-androideabi;/data/data/com.termux/files/usr/lib/clang/9.0.0/include;/data/data/com.termux/files/usr/include]


Parsed C implicit link information from above output:
  link line regex: [^( *|.*[/\])(ld|CMAKE_LINK_STARTFILE-NOTFOUND|([^/\]+-)?ld|collect2)[^/\]*( |$)]
  ignore line: [Change Dir: /data/data/com.termux/files/home/termux-lock/src/CMakeFiles/CMakeTmp]
  ignore line: []
  ignore line: [Run Build Command(s):/data/data/com.termux/files/usr/bin/make cmTC_d223e/fast && /data/data/com.termux/files/usr/bin/make -f CMakeFiles/cmTC_d223e.dir/build.make CMakeFiles/cmTC_d223e.dir/build]
  ignore line: [make[1]: Entering directory '/data/data/com.termux/files/home/termux-lock/src/CMakeFiles/CMakeTmp']
  ignore line: [Building C object CMakeFiles/cmTC_d223e.dir/CMakeCCompilerABI.c.o]
  ignore line: [/data/data/com.termux/files/usr/bin/cc   -v -o CMakeFiles/cmTC_d223e.dir/CMakeCCompilerABI.c.o   -c /data/data/com.termux/files/usr/share/cmake-3.15/Modules/CMakeCCompilerABI.c]
  ignore line: [clang version 9.0.0 (tags/RELEASE_900/final)]
  ignore line: [Target: arm-unknown-linux-android]
  ignore line: [Thread model: posix]
  ignore line: [InstalledDir: /data/data/com.termux/files/usr/bin]
  ignore line: [ "/data/data/com.termux/files/usr/bin/clang-9" -cc1 -triple armv4t-unknown-linux-android -emit-obj -mrelax-all -mnoexecstack -disable-free -disable-llvm-verifier -discard-value-names -main-file-name CMakeCCompilerABI.c -mrelocation-model pic -pic-level 2 -pic-is-pie -mthread-model posix -mdisable-fp-elim -masm-verbose -mconstructor-aliases -fuse-init-array -target-cpu arm7tdmi -target-feature +soft-float -target-feature +soft-float-abi -target-feature -fp16 -target-feature -vfp2 -target-feature -vfp2sp -target-feature -vfp2d16 -target-feature -vfp2d16sp -target-feature -vfp3 -target-feature -vfp3sp -target-feature -vfp3d16 -target-feature -vfp3d16sp -target-feature -vfp4 -target-feature -vfp4sp -target-feature -vfp4d16 -target-feature -vfp4d16sp -target-feature -fp-armv8 -target-feature -fp-armv8sp -target-feature -fp-armv8d16 -target-feature -fp-armv8d16sp -target-feature -fullfp16 -target-feature -neon -target-feature -crypto -target-feature -dotprod -target-feature -fp16fml -target-feature -fp64 -target-feature -d32 -target-feature -fpregs -target-feature +strict-align -target-abi aapcs-linux -msoft-float -mfloat-abi soft -fallow-half-arguments-and-returns -dwarf-column-info -debugger-tuning=gdb -v -coverage-notes-file /data/data/com.termux/files/home/termux-lock/src/CMakeFiles/CMakeTmp/CMakeFiles/cmTC_d223e.dir/CMakeCCompilerABI.c.gcno -resource-dir /data/data/com.termux/files/usr/lib/clang/9.0.0 -internal-isystem /data/data/com.termux/files/usr/include/arm-linux-androideabi -internal-isystem /usr/local/include -internal-isystem /data/data/com.termux/files/usr/lib/clang/9.0.0/include -internal-externc-isystem /data/data/com.termux/files/usr/include -fdebug-compilation-dir /data/data/com.termux/files/home/termux-lock/src/CMakeFiles/CMakeTmp -ferror-limit 19 -fmessage-length 0 -fno-signed-char -fobjc-runtime=gcc -fdiagnostics-show-option -o CMakeFiles/cmTC_d223e.dir/CMakeCCompilerABI.c.o -x c /data/data/com.termux/files/usr/share/cmake-3.15/Modules/CMakeCCompilerABI.c]
  ignore line: [clang -cc1 version 9.0.0 based upon LLVM 9.0.0 default target arm-linux-androideabi]
  ignore line: [ignoring nonexistent directory "/usr/local/include"]
  ignore line: [#include "..." search starts here:]
  ignore line: [#include <...> search starts here:]
  ignore line: [ /data/data/com.termux/files/usr/include/arm-linux-androideabi]
  ignore line: [ /data/data/com.termux/files/usr/lib/clang/9.0.0/include]
  ignore line: [ /data/data/com.termux/files/usr/include]
  ignore line: [End of search list.]
  ignore line: [Linking C executable cmTC_d223e]
  ignore line: [/data/data/com.termux/files/usr/bin/cmake -E cmake_link_script CMakeFiles/cmTC_d223e.dir/link.txt --verbose=1]
  ignore line: [/data/data/com.termux/files/usr/bin/cc     -v CMakeFiles/cmTC_d223e.dir/CMakeCCompilerABI.c.o  -o cmTC_d223e ]
  ignore line: [clang version 9.0.0 (tags/RELEASE_900/final)]
  ignore line: [Target: arm-unknown-linux-android]
  ignore line: [Thread model: posix]
  ignore line: [InstalledDir: /data/data/com.termux/files/usr/bin]
  link line: [ "/data/data/com.termux/files/usr/bin/arm-linux-androideabi-ld" -pie -z noexecstack -EL --warn-shared-textrel -z now -z relro -X --hash-style=both --enable-new-dtags --eh-frame-hdr -m armelf_linux_eabi -dynamic-linker /system/bin/linker -o cmTC_d223e /data/data/com.termux/files/usr/lib/crtbegin_dynamic.o -L/data/data/com.termux/files/usr/lib -L/data/data/com.termux/files/usr/bin/../lib -L/data/data/com.termux/files/usr/bin/../lib CMakeFiles/cmTC_d223e.dir/CMakeCCompilerABI.c.o -lgcc -ldl -lc -lgcc -ldl /data/data/com.termux/files/usr/lib/crtend_android.o]
    arg [/data/data/com.termux/files/usr/bin/arm-linux-androideabi-ld] ==> ignore
    arg [-pie] ==> ignore
    arg [-znoexecstack] ==> ignore
    arg [-EL] ==> ignore
    arg [--warn-shared-textrel] ==> ignore
    arg [-znow] ==> ignore
    arg [-zrelro] ==> ignore
    arg [-X] ==> ignore
    arg [--hash-style=both] ==> ignore
    arg [--enable-new-dtags] ==> ignore
    arg [--eh-frame-hdr] ==> ignore
    arg [-m] ==> ignore
    arg [armelf_linux_eabi] ==> ignore
    arg [-dynamic-linker] ==> ignore
    arg [/system/bin/linker] ==> ignore
    arg [-o] ==> ignore
    arg [cmTC_d223e] ==> ignore
    arg [/data/data/com.termux/files/usr/lib/crtbegin_dynamic.o] ==> ignore
    arg [-L/data/data/com.termux/files/usr/lib] ==> dir [/data/data/com.termux/files/usr/lib]
    arg [-L/data/data/com.termux/files/usr/bin/../lib] ==> dir [/data/data/com.termux/files/usr/bin/../lib]
    arg [-L/data/data/com.termux/files/usr/bin/../lib] ==> dir [/data/data/com.termux/files/usr/bin/../lib]
    arg [CMakeFiles/cmTC_d223e.dir/CMakeCCompilerABI.c.o] ==> ignore
    arg [-lgcc] ==> lib [gcc]
    arg [-ldl] ==> lib [dl]
    arg [-lc] ==> lib [c]
    arg [-lgcc] ==> lib [gcc]
    arg [-ldl] ==> lib [dl]
    arg [/data/data/com.termux/files/usr/lib/crtend_android.o] ==> ignore
  collapse library dir [/data/data/com.termux/files/usr/lib] ==> [/data/data/com.termux/files/usr/lib]
  collapse library dir [/data/data/com.termux/files/usr/bin/../lib] ==> [/data/data/com.termux/files/usr/lib]
  collapse library dir [/data/data/com.termux/files/usr/bin/../lib] ==> [/data/data/com.termux/files/usr/lib]
  implicit libs: [gcc;dl;c;gcc;dl]
  implicit dirs: [/data/data/com.termux/files/usr/lib]
  implicit fwks: []


Determining if the CXX compiler works passed with the following output:
Change Dir: /data/data/com.termux/files/home/termux-lock/src/CMakeFiles/CMakeTmp

Run Build Command(s):/data/data/com.termux/files/usr/bin/make cmTC_650f1/fast && /data/data/com.termux/files/usr/bin/make -f CMakeFiles/cmTC_650f1.dir/build.make CMakeFiles/cmTC_650f1.dir/build
make[1]: Entering directory '/data/data/com.termux/files/home/termux-lock/src/CMakeFiles/CMakeTmp'
Building CXX object CMakeFiles/cmTC_650f1.dir/testCXXCompiler.cxx.o
/data/data/com.termux/files/usr/bin/c++     -o CMakeFiles/cmTC_650f1.dir/testCXXCompiler.cxx.o -c /data/data/com.termux/files/home/termux-lock/src/CMakeFiles/CMakeTmp/testCXXCompiler.cxx
Linking CXX executable cmTC_650f1
/data/data/com.termux/files/usr/bin/cmake -E cmake_link_script CMakeFiles/cmTC_650f1.dir/link.txt --verbose=1
/data/data/com.termux/files/usr/bin/c++       CMakeFiles/cmTC_650f1.dir/testCXXCompiler.cxx.o  -o cmTC_650f1 
make[1]: Leaving directory '/data/data/com.termux/files/home/termux-lock/src/CMakeFiles/CMakeTmp'



Detecting CXX compiler ABI info compiled with the following output:
Change Dir: /data/data/com.termux/files/home/termux-lock/src/CMakeFiles/CMakeTmp

Run Build Command(s):/data/data/com.termux/files/usr/bin/make cmTC_51a3e/fast && /data/data/com.termux/files/usr/bin/make -f CMakeFiles/cmTC_51a3e.dir/build.make CMakeFiles/cmTC_51a3e.dir/build
make[1]: Entering directory '/data/data/com.termux/files/home/termux-lock/src/CMakeFiles/CMakeTmp'
Building CXX object CMakeFiles/cmTC_51a3e.dir/CMakeCXXCompilerABI.cpp.o
/data/data/com.termux/files/usr/bin/c++    -v -o CMakeFiles/cmTC_51a3e.dir/CMakeCXXCompilerABI.cpp.o -c /data/data/com.termux/files/usr/share/cmake-3.15/Modules/CMakeCXXCompilerABI.cpp
clang version 9.0.0 (tags/RELEASE_900/final)
Target: arm-unknown-linux-android
Thread model: posix
InstalledDir: /data/data/com.termux/files/usr/bin
 "/data/data/com.termux/files/usr/bin/clang-9" @/data/data/com.termux/files/usr/tmp/response-d6eaa0.txt
 Arguments passed via response file:
"-cc1" "-triple" "armv4t-unknown-linux-android" "-emit-obj" "-mrelax-all" "-mnoexecstack" "-disable-free" "-disable-llvm-verifier" "-discard-value-names" "-main-file-name" "CMakeCXXCompilerABI.cpp" "-mrelocation-model" "pic" "-pic-level" "2" "-pic-is-pie" "-mthread-model" "posix" "-mdisable-fp-elim" "-masm-verbose" "-mconstructor-aliases" "-fuse-init-array" "-target-cpu" "arm7tdmi" "-target-feature" "+soft-float" "-target-feature" "+soft-float-abi" "-target-feature" "-fp16" "-target-feature" "-vfp2" "-target-feature" "-vfp2sp" "-target-feature" "-vfp2d16" "-target-feature" "-vfp2d16sp" "-target-feature" "-vfp3" "-target-feature" "-vfp3sp" "-target-feature" "-vfp3d16" "-target-feature" "-vfp3d16sp" "-target-feature" "-vfp4" "-target-feature" "-vfp4sp" "-target-feature" "-vfp4d16" "-target-feature" "-vfp4d16sp" "-target-feature" "-fp-armv8" "-target-feature" "-fp-armv8sp" "-target-feature" "-fp-armv8d16" "-target-feature" "-fp-armv8d16sp" "-target-feature" "-fullfp16" "-target-feature" "-neon" "-target-feature" "-crypto" "-target-feature" "-dotprod" "-target-feature" "-fp16fml" "-target-feature" "-fp64" "-target-feature" "-d32" "-target-feature" "-fpregs" "-target-feature" "+strict-align" "-target-abi" "aapcs-linux" "-msoft-float" "-mfloat-abi" "soft" "-fallow-half-arguments-and-returns" "-dwarf-column-info" "-debugger-tuning=gdb" "-v" "-coverage-notes-file" "/data/data/com.termux/files/home/termux-lock/src/CMakeFiles/CMakeTmp/CMakeFiles/cmTC_51a3e.dir/CMakeCXXCompilerABI.cpp.gcno" "-resource-dir" "/data/data/com.termux/files/usr/lib/clang/9.0.0" "-internal-isystem" "/data/data/com.termux/files/usr/bin/../include/c++/v1" "-internal-isystem" "/data/data/com.termux/files/usr/include/arm-linux-androideabi" "-internal-isystem" "/usr/local/include" "-internal-isystem" "/data/data/com.termux/files/usr/lib/clang/9.0.0/include" "-internal-externc-isystem" "/data/data/com.termux/files/usr/include" "-fdeprecated-macro" "-fdebug-compilation-dir" "/data/data/com.termux/files/home/termux-lock/src/CMakeFiles/CMakeTmp" "-ferror-limit" "19" "-fmessage-length" "0" "-fno-signed-char" "-fobjc-runtime=gcc" "-fcxx-exceptions" "-fexceptions" "-fdiagnostics-show-option" "-o" "CMakeFiles/cmTC_51a3e.dir/CMakeCXXCompilerABI.cpp.o" "-x" "c++" "/data/data/com.termux/files/usr/share/cmake-3.15/Modules/CMakeCXXCompilerABI.cpp" 
 (end of response file)
clang -cc1 version 9.0.0 based upon LLVM 9.0.0 default target arm-linux-androideabi
ignoring nonexistent directory "/usr/local/include"
#include "..." search starts here:
#include <...> search starts here:
 /data/data/com.termux/files/usr/bin/../include/c++/v1
 /data/data/com.termux/files/usr/include/arm-linux-androideabi
 /data/data/com.termux/files/usr/lib/clang/9.0.0/include
 /data/data/com.termux/files/usr/include
End of search list.
Linking CXX executable cmTC_51a3e
/data/data/com.termux/files/usr/bin/cmake -E cmake_link_script CMakeFiles/cmTC_51a3e.dir/link.txt --verbose=1
/data/data/com.termux/files/usr/bin/c++      -v CMakeFiles/cmTC_51a3e.dir/CMakeCXXCompilerABI.cpp.o  -o cmTC_51a3e 
clang version 9.0.0 (tags/RELEASE_900/final)
Target: arm-unknown-linux-android
Thread model: posix
InstalledDir: /data/data/com.termux/files/usr/bin
 "/data/data/com.termux/files/usr/bin/arm-linux-androideabi-ld" -pie -z noexecstack -EL --warn-shared-textrel -z now -z relro -X --hash-style=both --enable-new-dtags --eh-frame-hdr -m armelf_linux_eabi -dynamic-linker /system/bin/linker -o cmTC_51a3e /data/data/com.termux/files/usr/lib/crtbegin_dynamic.o -L/data/data/com.termux/files/usr/lib -L/data/data/com.termux/files/usr/bin/../lib -L/data/data/com.termux/files/usr/bin/../lib CMakeFiles/cmTC_51a3e.dir/CMakeCXXCompilerABI.cpp.o -lc++_shared -lgcc -ldl -lm -lc -lgcc -ldl /data/data/com.termux/files/usr/lib/crtend_android.o
make[1]: Leaving directory '/data/data/com.termux/files/home/termux-lock/src/CMakeFiles/CMakeTmp'



Parsed CXX implicit include dir info from above output: rv=done
  found start of include info
  found start of implicit include info
    add: [/data/data/com.termux/files/usr/bin/../include/c++/v1]
    add: [/data/data/com.termux/files/usr/include/arm-linux-androideabi]
    add: [/data/data/com.termux/files/usr/lib/clang/9.0.0/include]
    add: [/data/data/com.termux/files/usr/include]
  end of search list found
  collapse include dir [/data/data/com.termux/files/usr/bin/../include/c++/v1] ==> [/data/data/com.termux/files/usr/include/c++/v1]
  collapse include dir [/data/data/com.termux/files/usr/include/arm-linux-androideabi] ==> [/data/data/com.termux/files/usr/include/arm-linux-androideabi]
  collapse include dir [/data/data/com.termux/files/usr/lib/clang/9.0.0/include] ==> [/data/data/com.termux/files/usr/lib/clang/9.0.0/include]
  collapse include dir [/data/data/com.termux/files/usr/include] ==> [/data/data/com.termux/files/usr/include]
  implicit include dirs: [/data/data/com.termux/files/usr/include/c++/v1;/data/data/com.termux/files/usr/include/arm-linux-androideabi;/data/data/com.termux/files/usr/lib/clang/9.0.0/include;/data/data/com.termux/files/usr/include]


Parsed CXX implicit link information from above output:
  link line regex: [^( *|.*[/\])(ld|CMAKE_LINK_STARTFILE-NOTFOUND|([^/\]+-)?ld|collect2)[^/\]*( |$)]
  ignore line: [Change Dir: /data/data/com.termux/files/home/termux-lock/src/CMakeFiles/CMakeTmp]
  ignore line: []
  ignore line: [Run Build Command(s):/data/data/com.termux/files/usr/bin/make cmTC_51a3e/fast && /data/data/com.termux/files/usr/bin/make -f CMakeFiles/cmTC_51a3e.dir/build.make CMakeFiles/cmTC_51a3e.dir/build]
  ignore line: [make[1]: Entering directory '/data/data/com.termux/files/home/termux-lock/src/CMakeFiles/CMakeTmp']
  ignore line: [Building CXX object CMakeFiles/cmTC_51a3e.dir/CMakeCXXCompilerABI.cpp.o]
  ignore line: [/data/data/com.termux/files/usr/bin/c++    -v -o CMakeFiles/cmTC_51a3e.dir/CMakeCXXCompilerABI.cpp.o -c /data/data/com.termux/files/usr/share/cmake-3.15/Modules/CMakeCXXCompilerABI.cpp]
  ignore line: [clang version 9.0.0 (tags/RELEASE_900/final)]
  ignore line: [Target: arm-unknown-linux-android]
  ignore line: [Thread model: posix]
  ignore line: [InstalledDir: /data/data/com.termux/files/usr/bin]
  ignore line: [ "/data/data/com.termux/files/usr/bin/clang-9" @/data/data/com.termux/files/usr/tmp/response-d6eaa0.txt]
  ignore line: [ Arguments passed via response file:]
  ignore line: ["-cc1" "-triple" "armv4t-unknown-linux-android" "-emit-obj" "-mrelax-all" "-mnoexecstack" "-disable-free" "-disable-llvm-verifier" "-discard-value-names" "-main-file-name" "CMakeCXXCompilerABI.cpp" "-mrelocation-model" "pic" "-pic-level" "2" "-pic-is-pie" "-mthread-model" "posix" "-mdisable-fp-elim" "-masm-verbose" "-mconstructor-aliases" "-fuse-init-array" "-target-cpu" "arm7tdmi" "-target-feature" "+soft-float" "-target-feature" "+soft-float-abi" "-target-feature" "-fp16" "-target-feature" "-vfp2" "-target-feature" "-vfp2sp" "-target-feature" "-vfp2d16" "-target-feature" "-vfp2d16sp" "-target-feature" "-vfp3" "-target-feature" "-vfp3sp" "-target-feature" "-vfp3d16" "-target-feature" "-vfp3d16sp" "-target-feature" "-vfp4" "-target-feature" "-vfp4sp" "-target-feature" "-vfp4d16" "-target-feature" "-vfp4d16sp" "-target-feature" "-fp-armv8" "-target-feature" "-fp-armv8sp" "-target-feature" "-fp-armv8d16" "-target-feature" "-fp-armv8d16sp" "-target-feature" "-fullfp16" "-target-feature" "-neon" "-target-feature" "-crypto" "-target-feature" "-dotprod" "-target-feature" "-fp16fml" "-target-feature" "-fp64" "-target-feature" "-d32" "-target-feature" "-fpregs" "-target-feature" "+strict-align" "-target-abi" "aapcs-linux" "-msoft-float" "-mfloat-abi" "soft" "-fallow-half-arguments-and-returns" "-dwarf-column-info" "-debugger-tuning=gdb" "-v" "-coverage-notes-file" "/data/data/com.termux/files/home/termux-lock/src/CMakeFiles/CMakeTmp/CMakeFiles/cmTC_51a3e.dir/CMakeCXXCompilerABI.cpp.gcno" "-resource-dir" "/data/data/com.termux/files/usr/lib/clang/9.0.0" "-internal-isystem" "/data/data/com.termux/files/usr/bin/../include/c++/v1" "-internal-isystem" "/data/data/com.termux/files/usr/include/arm-linux-androideabi" "-internal-isystem" "/usr/local/include" "-internal-isystem" "/data/data/com.termux/files/usr/lib/clang/9.0.0/include" "-internal-externc-isystem" "/data/data/com.termux/files/usr/include" "-fdeprecated-macro" "-fdebug-compilation-dir" "/data/data/com.termux/files/home/termux-lock/src/CMakeFiles/CMakeTmp" "-ferror-limit" "19" "-fmessage-length" "0" "-fno-signed-char" "-fobjc-runtime=gcc" "-fcxx-exceptions" "-fexceptions" "-fdiagnostics-show-option" "-o" "CMakeFiles/cmTC_51a3e.dir/CMakeCXXCompilerABI.cpp.o" "-x" "c++" "/data/data/com.termux/files/usr/share/cmake-3.15/Modules/CMakeCXXCompilerABI.cpp" ]
  ignore line: [ (end of response file)]
  ignore line: [clang -cc1 version 9.0.0 based upon LLVM 9.0.0 default target arm-linux-androideabi]
  ignore line: [ignoring nonexistent directory "/usr/local/include"]
  ignore line: [#include "..." search starts here:]
  ignore line: [#include <...> search starts here:]
  ignore line: [ /data/data/com.termux/files/usr/bin/../include/c++/v1]
  ignore line: [ /data/data/com.termux/files/usr/include/arm-linux-androideabi]
  ignore line: [ /data/data/com.termux/files/usr/lib/clang/9.0.0/include]
  ignore line: [ /data/data/com.termux/files/usr/include]
  ignore line: [End of search list.]
  ignore line: [Linking CXX executable cmTC_51a3e]
  ignore line: [/data/data/com.termux/files/usr/bin/cmake -E cmake_link_script CMakeFiles/cmTC_51a3e.dir/link.txt --verbose=1]
  ignore line: [/data/data/com.termux/files/usr/bin/c++      -v CMakeFiles/cmTC_51a3e.dir/CMakeCXXCompilerABI.cpp.o  -o cmTC_51a3e ]
  ignore line: [clang version 9.0.0 (tags/RELEASE_900/final)]
  ignore line: [Target: arm-unknown-linux-android]
  ignore line: [Thread model: posix]
  ignore line: [InstalledDir: /data/data/com.termux/files/usr/bin]
  link line: [ "/data/data/com.termux/files/usr/bin/arm-linux-androideabi-ld" -pie -z noexecstack -EL --warn-shared-textrel -z now -z relro -X --hash-style=both --enable-new-dtags --eh-frame-hdr -m armelf_linux_eabi -dynamic-linker /system/bin/linker -o cmTC_51a3e /data/data/com.termux/files/usr/lib/crtbegin_dynamic.o -L/data/data/com.termux/files/usr/lib -L/data/data/com.termux/files/usr/bin/../lib -L/data/data/com.termux/files/usr/bin/../lib CMakeFiles/cmTC_51a3e.dir/CMakeCXXCompilerABI.cpp.o -lc++_shared -lgcc -ldl -lm -lc -lgcc -ldl /data/data/com.termux/files/usr/lib/crtend_android.o]
    arg [/data/data/com.termux/files/usr/bin/arm-linux-androideabi-ld] ==> ignore
    arg [-pie] ==> ignore
    arg [-znoexecstack] ==> ignore
    arg [-EL] ==> ignore
    arg [--warn-shared-textrel] ==> ignore
    arg [-znow] ==> ignore
    arg [-zrelro] ==> ignore
    arg [-X] ==> ignore
    arg [--hash-style=both] ==> ignore
    arg [--enable-new-dtags] ==> ignore
    arg [--eh-frame-hdr] ==> ignore
    arg [-m] ==> ignore
    arg [armelf_linux_eabi] ==> ignore
    arg [-dynamic-linker] ==> ignore
    arg [/system/bin/linker] ==> ignore
    arg [-o] ==> ignore
    arg [cmTC_51a3e] ==> ignore
    arg [/data/data/com.termux/files/usr/lib/crtbegin_dynamic.o] ==> ignore
    arg [-L/data/data/com.termux/files/usr/lib] ==> dir [/data/data/com.termux/files/usr/lib]
    arg [-L/data/data/com.termux/files/usr/bin/../lib] ==> dir [/data/data/com.termux/files/usr/bin/../lib]
    arg [-L/data/data/com.termux/files/usr/bin/../lib] ==> dir [/data/data/com.termux/files/usr/bin/../lib]
    arg [CMakeFiles/cmTC_51a3e.dir/CMakeCXXCompilerABI.cpp.o] ==> ignore
    arg [-lc++_shared] ==> lib [c++_shared]
    arg [-lgcc] ==> lib [gcc]
    arg [-ldl] ==> lib [dl]
    arg [-lm] ==> lib [m]
    arg [-lc] ==> lib [c]
    arg [-lgcc] ==> lib [gcc]
    arg [-ldl] ==> lib [dl]
    arg [/data/data/com.termux/files/usr/lib/crtend_android.o] ==> ignore
  collapse library dir [/data/data/com.termux/files/usr/lib] ==> [/data/data/com.termux/files/usr/lib]
  collapse library dir [/data/data/com.termux/files/usr/bin/../lib] ==> [/data/data/com.termux/files/usr/lib]
  collapse library dir [/data/data/com.termux/files/usr/bin/../lib] ==> [/data/data/com.termux/files/usr/lib]
  implicit libs: [c++_shared;gcc;dl;m;c;gcc;dl]
  implicit dirs: [/data/data/com.termux/files/usr/lib]
  implicit fwks: []


